# JRE version: OpenJDK Runtime Environment (17.0.9) (build 17.0.9+0--11185874)
# Java VM: OpenJDK 64-Bit Server VM (17.0.9+0--11185874, mixed mode, tiered, compressed oops, compressed class ptrs, g1 gc, windows-amd64)
GC Precious Log:
 CPUs: 12 total, 12 available
 Memory: 15694M
 Large Page Support: Disabled
 NUMA Support: Disabled
 Compressed Oops: Enabled (Zero based)
 Heap Region Size: 2M
 Heap Min Capacity: 8M
 Heap Initial Capacity: 246M
 Heap Max Capacity: 3924M
 Pre-touch: Disabled
 Parallel Workers: 10
 Concurrent Workers: 3
 Concurrent Refinement Workers: 10
 Periodic GC: Disabled
Heap:
 garbage-first heap   total 210944K, used 110977K [0x000000070ac00000, 0x0000000800000000)
  region size 2048K, 21 young (43008K), 2 survivors (4096K)
 Metaspace       used 79178K, committed 79488K, reserved 1179648K
  class space    used 8729K, committed 8896K, reserved 1048576K
GC Heap History (20 events):
Event: 5.256 GC heap before
{Heap before GC invocations=14 (full 0):
 garbage-first heap   total 92160K, used 68633K [0x000000070ac00000, 0x0000000800000000)
  region size 2048K, 17 young (34816K), 3 survivors (6144K)
 Metaspace       used 50228K, committed 50432K, reserved 1114112K
  class space    used 5853K, committed 5952K, reserved 1048576K
}
Event: 5.268 GC heap after
{Heap after GC invocations=15 (full 0):
 garbage-first heap   total 92160K, used 41727K [0x000000070ac00000, 0x0000000800000000)
  region size 2048K, 1 young (2048K), 1 survivors (2048K)
 Metaspace       used 50228K, committed 50432K, reserved 1114112K
  class space    used 5853K, committed 5952K, reserved 1048576K
}
Event: 5.831 GC heap before
{Heap before GC invocations=15 (full 0):
 garbage-first heap   total 92160K, used 68351K [0x000000070ac00000, 0x0000000800000000)
  region size 2048K, 14 young (28672K), 1 survivors (2048K)
 Metaspace       used 52581K, committed 52864K, reserved 1114112K
  class space    used 6170K, committed 6272K, reserved 1048576K
}
Event: 5.839 GC heap after
{Heap after GC invocations=16 (full 0):
 garbage-first heap   total 92160K, used 44725K [0x000000070ac00000, 0x0000000800000000)
  region size 2048K, 2 young (4096K), 2 survivors (4096K)
 Metaspace       used 52581K, committed 52864K, reserved 1114112K
  class space    used 6170K, committed 6272K, reserved 1048576K
}
Event: 6.781 GC heap before
{Heap before GC invocations=16 (full 0):
 garbage-first heap   total 92160K, used 69301K [0x000000070ac00000, 0x0000000800000000)
  region size 2048K, 14 young (28672K), 2 survivors (4096K)
 Metaspace       used 56758K, committed 57024K, reserved 1114112K
  class space    used 6737K, committed 6848K, reserved 1048576K
}
Event: 6.796 GC heap after
{Heap after GC invocations=17 (full 0):
 garbage-first heap   total 122880K, used 48701K [0x000000070ac00000, 0x0000000800000000)
  region size 2048K, 2 young (4096K), 2 survivors (4096K)
 Metaspace       used 56758K, committed 57024K, reserved 1114112K
  class space    used 6737K, committed 6848K, reserved 1048576K
}
Event: 8.440 GC heap before
{Heap before GC invocations=18 (full 0):
 garbage-first heap   total 122880K, used 91709K [0x000000070ac00000, 0x0000000800000000)
  region size 2048K, 23 young (47104K), 2 survivors (4096K)
 Metaspace       used 59878K, committed 60160K, reserved 1114112K
  class space    used 6964K, committed 7104K, reserved 1048576K
}
Event: 8.454 GC heap after
{Heap after GC invocations=19 (full 0):
 garbage-first heap   total 122880K, used 54408K [0x000000070ac00000, 0x0000000800000000)
  region size 2048K, 3 young (6144K), 3 survivors (6144K)
 Metaspace       used 59878K, committed 60160K, reserved 1114112K
  class space    used 6964K, committed 7104K, reserved 1048576K
}
Event: 9.900 GC heap before
{Heap before GC invocations=19 (full 0):
 garbage-first heap   total 122880K, used 93320K [0x000000070ac00000, 0x0000000800000000)
  region size 2048K, 22 young (45056K), 3 survivors (6144K)
 Metaspace       used 61071K, committed 61376K, reserved 1114112K
  class space    used 7008K, committed 7168K, reserved 1048576K
}
Event: 9.919 GC heap after
{Heap after GC invocations=20 (full 0):
 garbage-first heap   total 122880K, used 59920K [0x000000070ac00000, 0x0000000800000000)
  region size 2048K, 3 young (6144K), 3 survivors (6144K)
 Metaspace       used 61071K, committed 61376K, reserved 1114112K
  class space    used 7008K, committed 7168K, reserved 1048576K
}
Event: 10.715 GC heap before
{Heap before GC invocations=20 (full 0):
 garbage-first heap   total 122880K, used 94736K [0x000000070ac00000, 0x0000000800000000)
  region size 2048K, 20 young (40960K), 3 survivors (6144K)
 Metaspace       used 65420K, committed 65728K, reserved 1114112K
  class space    used 7410K, committed 7552K, reserved 1048576K
}
Event: 10.730 GC heap after
{Heap after GC invocations=21 (full 0):
 garbage-first heap   total 122880K, used 63009K [0x000000070ac00000, 0x0000000800000000)
  region size 2048K, 2 young (4096K), 2 survivors (4096K)
 Metaspace       used 65420K, committed 65728K, reserved 1114112K
  class space    used 7410K, committed 7552K, reserved 1048576K
}
Event: 11.553 GC heap before
{Heap before GC invocations=21 (full 0):
 garbage-first heap   total 122880K, used 93729K [0x000000070ac00000, 0x0000000800000000)
  region size 2048K, 18 young (36864K), 2 survivors (4096K)
 Metaspace       used 68414K, committed 68736K, reserved 1114112K
  class space    used 7703K, committed 7872K, reserved 1048576K
}
Event: 11.569 GC heap after
{Heap after GC invocations=22 (full 0):
 garbage-first heap   total 122880K, used 66538K [0x000000070ac00000, 0x0000000800000000)
  region size 2048K, 3 young (6144K), 3 survivors (6144K)
 Metaspace       used 68414K, committed 68736K, reserved 1114112K
  class space    used 7703K, committed 7872K, reserved 1048576K
}
Event: 12.350 GC heap before
{Heap before GC invocations=23 (full 0):
 garbage-first heap   total 122880K, used 95210K [0x000000070ac00000, 0x0000000800000000)
  region size 2048K, 18 young (36864K), 3 survivors (6144K)
 Metaspace       used 74431K, committed 74752K, reserved 1179648K
  class space    used 8285K, committed 8448K, reserved 1048576K
}
Event: 12.363 GC heap after
{Heap after GC invocations=24 (full 0):
 garbage-first heap   total 122880K, used 70193K [0x000000070ac00000, 0x0000000800000000)
  region size 2048K, 2 young (4096K), 2 survivors (4096K)
 Metaspace       used 74431K, committed 74752K, reserved 1179648K
  class space    used 8285K, committed 8448K, reserved 1048576K
}
Event: 12.401 GC heap before
{Heap before GC invocations=24 (full 0):
 garbage-first heap   total 122880K, used 72241K [0x000000070ac00000, 0x0000000800000000)
  region size 2048K, 3 young (6144K), 2 survivors (4096K)
 Metaspace       used 74805K, committed 75136K, reserved 1179648K
  class space    used 8345K, committed 8512K, reserved 1048576K
}
Event: 12.411 GC heap after
{Heap after GC invocations=25 (full 0):
 garbage-first heap   total 122880K, used 70234K [0x000000070ac00000, 0x0000000800000000)
  region size 2048K, 1 young (2048K), 1 survivors (2048K)
 Metaspace       used 74805K, committed 75136K, reserved 1179648K
  class space    used 8345K, committed 8512K, reserved 1048576K
}
Event: 12.846 GC heap before
{Heap before GC invocations=25 (full 0):
 garbage-first heap   total 122880K, used 98906K [0x000000070ac00000, 0x0000000800000000)
  region size 2048K, 15 young (30720K), 1 survivors (2048K)
 Metaspace       used 77617K, committed 77952K, reserved 1179648K
  class space    used 8612K, committed 8768K, reserved 1048576K
}
Event: 12.858 GC heap after
{Heap after GC invocations=26 (full 0):
 garbage-first heap   total 210944K, used 74113K [0x000000070ac00000, 0x0000000800000000)
  region size 2048K, 2 young (4096K), 2 survivors (4096K)
 Metaspace       used 77617K, committed 77952K, reserved 1179648K
  class space    used 8612K, committed 8768K, reserved 1048576K
}

