# JRE version: OpenJDK Runtime Environment (17.0.9) (build 17.0.9+0--11185874)
# Java VM: OpenJDK 64-Bit Server VM (17.0.9+0--11185874, mixed mode, tiered, compressed oops, compressed class ptrs, g1 gc, windows-amd64)
GC Precious Log:
 CPUs: 12 total, 12 available
 Memory: 15694M
 Large Page Support: Disabled
 NUMA Support: Disabled
 Compressed Oops: Enabled (32-bit)
 Heap Region Size: 1M
 Heap Min Capacity: 8M
 Heap Initial Capacity: 246M
 Heap Max Capacity: 2G
 Pre-touch: Disabled
 Parallel Workers: 10
 Concurrent Workers: 3
 Concurrent Refinement Workers: 10
 Periodic GC: Disabled
Heap:
 garbage-first heap   total 424960K, used 169852K [0x0000000080000000, 0x0000000100000000)
  region size 1024K, 10 young (10240K), 10 survivors (10240K)
 Metaspace       used 144871K, committed 145984K, reserved 1179648K
  class space    used 19656K, committed 20224K, reserved 1048576K
GC Heap History (20 events):
Event: 125.147 GC heap after
{Heap after GC invocations=47 (full 0):
 garbage-first heap   total 412672K, used 161685K [0x0000000080000000, 0x0000000100000000)
  region size 1024K, 3 young (3072K), 3 survivors (3072K)
 Metaspace       used 142004K, committed 142912K, reserved 1179648K
  class space    used 19429K, committed 19904K, reserved 1048576K
}
Event: 125.588 GC heap before
{Heap before GC invocations=47 (full 0):
 garbage-first heap   total 412672K, used 202645K [0x0000000080000000, 0x0000000100000000)
  region size 1024K, 44 young (45056K), 3 survivors (3072K)
 Metaspace       used 142251K, committed 143168K, reserved 1179648K
  class space    used 19449K, committed 19904K, reserved 1048576K
}
Event: 125.596 GC heap after
{Heap after GC invocations=48 (full 0):
 garbage-first heap   total 412672K, used 162971K [0x0000000080000000, 0x0000000100000000)
  region size 1024K, 4 young (4096K), 4 survivors (4096K)
 Metaspace       used 142251K, committed 143168K, reserved 1179648K
  class space    used 19449K, committed 19904K, reserved 1048576K
}
Event: 686.893 GC heap before
{Heap before GC invocations=49 (full 0):
 garbage-first heap   total 412672K, used 387227K [0x0000000080000000, 0x0000000100000000)
  region size 1024K, 151 young (154624K), 4 survivors (4096K)
 Metaspace       used 142959K, committed 143936K, reserved 1179648K
  class space    used 19472K, committed 19968K, reserved 1048576K
}
Event: 686.921 GC heap after
{Heap after GC invocations=50 (full 0):
 garbage-first heap   total 424960K, used 194084K [0x0000000080000000, 0x0000000100000000)
  region size 1024K, 21 young (21504K), 21 survivors (21504K)
 Metaspace       used 142959K, committed 143936K, reserved 1179648K
  class space    used 19472K, committed 19968K, reserved 1048576K
}
Event: 686.927 GC heap before
{Heap before GC invocations=50 (full 0):
 garbage-first heap   total 424960K, used 195108K [0x0000000080000000, 0x0000000100000000)
  region size 1024K, 22 young (22528K), 21 survivors (21504K)
 Metaspace       used 142963K, committed 143936K, reserved 1179648K
  class space    used 19472K, committed 19968K, reserved 1048576K
}
Event: 686.948 GC heap after
{Heap after GC invocations=51 (full 0):
 garbage-first heap   total 424960K, used 181152K [0x0000000080000000, 0x0000000100000000)
  region size 1024K, 2 young (2048K), 2 survivors (2048K)
 Metaspace       used 142963K, committed 143936K, reserved 1179648K
  class space    used 19472K, committed 19968K, reserved 1048576K
}
Event: 686.974 GC heap before
{Heap before GC invocations=51 (full 0):
 garbage-first heap   total 424960K, used 185248K [0x0000000080000000, 0x0000000100000000)
  region size 1024K, 7 young (7168K), 2 survivors (2048K)
 Metaspace       used 142963K, committed 143936K, reserved 1179648K
  class space    used 19472K, committed 19968K, reserved 1048576K
}
Event: 686.979 GC heap after
{Heap after GC invocations=52 (full 0):
 garbage-first heap   total 424960K, used 184772K [0x0000000080000000, 0x0000000100000000)
  region size 1024K, 6 young (6144K), 6 survivors (6144K)
 Metaspace       used 142963K, committed 143936K, reserved 1179648K
  class space    used 19472K, committed 19968K, reserved 1048576K
}
Event: 689.148 GC heap before
{Heap before GC invocations=53 (full 0):
 garbage-first heap   total 424960K, used 300484K [0x0000000080000000, 0x0000000100000000)
  region size 1024K, 88 young (90112K), 6 survivors (6144K)
 Metaspace       used 143181K, committed 144192K, reserved 1179648K
  class space    used 19486K, committed 19968K, reserved 1048576K
}
Event: 689.162 GC heap after
{Heap after GC invocations=54 (full 0):
 garbage-first heap   total 424960K, used 194787K [0x0000000080000000, 0x0000000100000000)
  region size 1024K, 11 young (11264K), 11 survivors (11264K)
 Metaspace       used 143181K, committed 144192K, reserved 1179648K
  class space    used 19486K, committed 19968K, reserved 1048576K
}
Event: 689.214 GC heap before
{Heap before GC invocations=54 (full 0):
 garbage-first heap   total 424960K, used 204003K [0x0000000080000000, 0x0000000100000000)
  region size 1024K, 20 young (20480K), 11 survivors (11264K)
 Metaspace       used 143186K, committed 144192K, reserved 1179648K
  class space    used 19486K, committed 19968K, reserved 1048576K
}
Event: 689.229 GC heap after
{Heap after GC invocations=55 (full 0):
 garbage-first heap   total 424960K, used 184048K [0x0000000080000000, 0x0000000100000000)
  region size 1024K, 3 young (3072K), 3 survivors (3072K)
 Metaspace       used 143186K, committed 144192K, reserved 1179648K
  class space    used 19486K, committed 19968K, reserved 1048576K
}
Event: 689.230 GC heap before
{Heap before GC invocations=55 (full 0):
 garbage-first heap   total 424960K, used 184048K [0x0000000080000000, 0x0000000100000000)
  region size 1024K, 4 young (4096K), 3 survivors (3072K)
 Metaspace       used 143186K, committed 144192K, reserved 1179648K
  class space    used 19486K, committed 19968K, reserved 1048576K
}
Event: 689.232 GC heap after
{Heap after GC invocations=56 (full 0):
 garbage-first heap   total 424960K, used 182411K [0x0000000080000000, 0x0000000100000000)
  region size 1024K, 1 young (1024K), 1 survivors (1024K)
 Metaspace       used 143186K, committed 144192K, reserved 1179648K
  class space    used 19486K, committed 19968K, reserved 1048576K
}
Event: 1570.164 GC heap before
{Heap before GC invocations=57 (full 0):
 garbage-first heap   total 424960K, used 312459K [0x0000000080000000, 0x0000000100000000)
  region size 1024K, 107 young (109568K), 1 survivors (1024K)
 Metaspace       used 143595K, committed 144640K, reserved 1179648K
  class space    used 19504K, committed 20032K, reserved 1048576K
}
Event: 1570.175 GC heap after
{Heap after GC invocations=58 (full 0):
 garbage-first heap   total 424960K, used 180784K [0x0000000080000000, 0x0000000100000000)
  region size 1024K, 9 young (9216K), 9 survivors (9216K)
 Metaspace       used 143595K, committed 144640K, reserved 1179648K
  class space    used 19504K, committed 20032K, reserved 1048576K
}
Event: 1570.254 GC heap before
{Heap before GC invocations=58 (full 0):
 garbage-first heap   total 424960K, used 191024K [0x0000000080000000, 0x0000000100000000)
  region size 1024K, 20 young (20480K), 9 survivors (9216K)
 Metaspace       used 143605K, committed 144640K, reserved 1179648K
  class space    used 19504K, committed 20032K, reserved 1048576K
}
Event: 1570.273 GC heap after
{Heap after GC invocations=59 (full 0):
 garbage-first heap   total 424960K, used 161723K [0x0000000080000000, 0x0000000100000000)
  region size 1024K, 2 young (2048K), 2 survivors (2048K)
 Metaspace       used 143605K, committed 144640K, reserved 1179648K
  class space    used 19504K, committed 20032K, reserved 1048576K
}
Event: 1574.075 GC heap before
{Heap before GC invocations=59 (full 0):
 garbage-first heap   total 424960K, used 255931K [0x0000000080000000, 0x0000000100000000)
  region size 1024K, 96 young (98304K), 2 survivors (2048K)
 Metaspace       used 144871K, committed 145984K, reserved 1179648K
  class space    used 19656K, committed 20224K, reserved 1048576K
}

