# JRE version: OpenJDK Runtime Environment (17.0.9) (build 17.0.9+0--11185874)
# Java VM: OpenJDK 64-Bit Server VM (17.0.9+0--11185874, mixed mode, tiered, compressed oops, compressed class ptrs, g1 gc, windows-amd64)
GC Precious Log:
 CPUs: 12 total, 12 available
 Memory: 15694M
 Large Page Support: Disabled
 NUMA Support: Disabled
 Compressed Oops: Enabled (Zero based)
 Heap Region Size: 2M
 Heap Min Capacity: 8M
 Heap Initial Capacity: 246M
 Heap Max Capacity: 3924M
 Pre-touch: Disabled
 Parallel Workers: 10
 Concurrent Workers: 3
 Concurrent Refinement Workers: 10
 Periodic GC: Disabled
Heap:
 garbage-first heap   total 157696K, used 89897K [0x000000070ac00000, 0x0000000800000000)
  region size 2048K, 10 young (20480K), 2 survivors (4096K)
 Metaspace       used 83862K, committed 84160K, reserved 1179648K
  class space    used 9106K, committed 9280K, reserved 1048576K
GC Heap History (20 events):
Event: 8.093 GC heap before
{Heap before GC invocations=17 (full 0):
 garbage-first heap   total 124928K, used 90498K [0x000000070ac00000, 0x0000000800000000)
  region size 2048K, 23 young (47104K), 2 survivors (4096K)
 Metaspace       used 60038K, committed 60288K, reserved 1114112K
  class space    used 6964K, committed 7104K, reserved 1048576K
}
Event: 8.108 GC heap after
{Heap after GC invocations=18 (full 0):
 garbage-first heap   total 124928K, used 53727K [0x000000070ac00000, 0x0000000800000000)
  region size 2048K, 3 young (6144K), 3 survivors (6144K)
 Metaspace       used 60038K, committed 60288K, reserved 1114112K
  class space    used 6964K, committed 7104K, reserved 1048576K
}
Event: 8.190 GC heap before
{Heap before GC invocations=18 (full 0):
 garbage-first heap   total 124928K, used 55775K [0x000000070ac00000, 0x0000000800000000)
  region size 2048K, 5 young (10240K), 3 survivors (6144K)
 Metaspace       used 60137K, committed 60416K, reserved 1114112K
  class space    used 6965K, committed 7104K, reserved 1048576K
}
Event: 8.203 GC heap after
{Heap after GC invocations=19 (full 0):
 garbage-first heap   total 124928K, used 54227K [0x000000070ac00000, 0x0000000800000000)
  region size 2048K, 1 young (2048K), 1 survivors (2048K)
 Metaspace       used 60137K, committed 60416K, reserved 1114112K
  class space    used 6965K, committed 7104K, reserved 1048576K
}
Event: 9.514 GC heap before
{Heap before GC invocations=20 (full 0):
 garbage-first heap   total 124928K, used 89043K [0x000000070ac00000, 0x0000000800000000)
  region size 2048K, 18 young (36864K), 1 survivors (2048K)
 Metaspace       used 61059K, committed 61376K, reserved 1114112K
  class space    used 7008K, committed 7168K, reserved 1048576K
}
Event: 9.524 GC heap after
{Heap after GC invocations=21 (full 0):
 garbage-first heap   total 124928K, used 57862K [0x000000070ac00000, 0x0000000800000000)
  region size 2048K, 3 young (6144K), 3 survivors (6144K)
 Metaspace       used 61059K, committed 61376K, reserved 1114112K
  class space    used 7008K, committed 7168K, reserved 1048576K
}
Event: 10.281 GC heap before
{Heap before GC invocations=21 (full 0):
 garbage-first heap   total 124928K, used 88582K [0x000000070ac00000, 0x0000000800000000)
  region size 2048K, 19 young (38912K), 3 survivors (6144K)
 Metaspace       used 64682K, committed 64960K, reserved 1114112K
  class space    used 7356K, committed 7488K, reserved 1048576K
}
Event: 10.292 GC heap after
{Heap after GC invocations=22 (full 0):
 garbage-first heap   total 124928K, used 60873K [0x000000070ac00000, 0x0000000800000000)
  region size 2048K, 2 young (4096K), 2 survivors (4096K)
 Metaspace       used 64682K, committed 64960K, reserved 1114112K
  class space    used 7356K, committed 7488K, reserved 1048576K
}
Event: 11.087 GC heap before
{Heap before GC invocations=22 (full 0):
 garbage-first heap   total 124928K, used 93641K [0x000000070ac00000, 0x0000000800000000)
  region size 2048K, 18 young (36864K), 2 survivors (4096K)
 Metaspace       used 68432K, committed 68736K, reserved 1114112K
  class space    used 7702K, committed 7872K, reserved 1048576K
}
Event: 11.100 GC heap after
{Heap after GC invocations=23 (full 0):
 garbage-first heap   total 124928K, used 64188K [0x000000070ac00000, 0x0000000800000000)
  region size 2048K, 3 young (6144K), 3 survivors (6144K)
 Metaspace       used 68432K, committed 68736K, reserved 1114112K
  class space    used 7702K, committed 7872K, reserved 1048576K
}
Event: 11.955 GC heap before
{Heap before GC invocations=24 (full 0):
 garbage-first heap   total 124928K, used 94908K [0x000000070ac00000, 0x0000000800000000)
  region size 2048K, 19 young (38912K), 3 survivors (6144K)
 Metaspace       used 74335K, committed 74624K, reserved 1179648K
  class space    used 8273K, committed 8448K, reserved 1048576K
}
Event: 11.971 GC heap after
{Heap after GC invocations=25 (full 0):
 garbage-first heap   total 124928K, used 67818K [0x000000070ac00000, 0x0000000800000000)
  region size 2048K, 2 young (4096K), 2 survivors (4096K)
 Metaspace       used 74335K, committed 74624K, reserved 1179648K
  class space    used 8273K, committed 8448K, reserved 1048576K
}
Event: 12.421 GC heap before
{Heap before GC invocations=25 (full 0):
 garbage-first heap   total 124928K, used 94442K [0x000000070ac00000, 0x0000000800000000)
  region size 2048K, 16 young (32768K), 2 survivors (4096K)
 Metaspace       used 77340K, committed 77568K, reserved 1179648K
  class space    used 8580K, committed 8704K, reserved 1048576K
}
Event: 12.433 GC heap after
{Heap after GC invocations=26 (full 0):
 garbage-first heap   total 124928K, used 71784K [0x000000070ac00000, 0x0000000800000000)
  region size 2048K, 2 young (4096K), 2 survivors (4096K)
 Metaspace       used 77340K, committed 77568K, reserved 1179648K
  class space    used 8580K, committed 8704K, reserved 1048576K
}
Event: 12.801 GC heap before
{Heap before GC invocations=27 (full 0):
 garbage-first heap   total 131072K, used 96360K [0x000000070ac00000, 0x0000000800000000)
  region size 2048K, 14 young (28672K), 2 survivors (4096K)
 Metaspace       used 78714K, committed 78976K, reserved 1179648K
  class space    used 8712K, committed 8832K, reserved 1048576K
}
Event: 12.807 GC heap after
{Heap after GC invocations=28 (full 0):
 garbage-first heap   total 131072K, used 73084K [0x000000070ac00000, 0x0000000800000000)
  region size 2048K, 1 young (2048K), 1 survivors (2048K)
 Metaspace       used 78714K, committed 78976K, reserved 1179648K
  class space    used 8712K, committed 8832K, reserved 1048576K
}
Event: 12.850 GC heap before
{Heap before GC invocations=28 (full 0):
 garbage-first heap   total 131072K, used 77180K [0x000000070ac00000, 0x0000000800000000)
  region size 2048K, 3 young (6144K), 1 survivors (2048K)
 Metaspace       used 78749K, committed 79040K, reserved 1179648K
  class space    used 8714K, committed 8896K, reserved 1048576K
}
Event: 12.855 GC heap after
{Heap after GC invocations=29 (full 0):
 garbage-first heap   total 157696K, used 73051K [0x000000070ac00000, 0x0000000800000000)
  region size 2048K, 1 young (2048K), 1 survivors (2048K)
 Metaspace       used 78749K, committed 79040K, reserved 1179648K
  class space    used 8714K, committed 8896K, reserved 1048576K
}
Event: 13.793 GC heap before
{Heap before GC invocations=29 (full 0):
 garbage-first heap   total 157696K, used 120155K [0x000000070ac00000, 0x0000000800000000)
  region size 2048K, 25 young (51200K), 1 survivors (2048K)
 Metaspace       used 83427K, committed 83712K, reserved 1179648K
  class space    used 9092K, committed 9216K, reserved 1048576K
}
Event: 13.800 GC heap after
{Heap after GC invocations=30 (full 0):
 garbage-first heap   total 157696K, used 75561K [0x000000070ac00000, 0x0000000800000000)
  region size 2048K, 2 young (4096K), 2 survivors (4096K)
 Metaspace       used 83427K, committed 83712K, reserved 1179648K
  class space    used 9092K, committed 9216K, reserved 1048576K
}

